<?xml version="1.0" encoding="UTF-8"?>
<testng-results skipped="0" failed="0" total="1" passed="1">
  <reporter-output>
  </reporter-output>
  <suite name="com.sapient.publicis.TestNgClass" duration-ms="0" started-at="2020-02-26T04:44:36Z" finished-at="2020-02-26T04:44:36Z">
    <groups>
    </groups>
    <test name="Command line test" duration-ms="0" started-at="2020-02-26T04:44:36Z" finished-at="2020-02-26T04:44:36Z">
      <class name="com.sapient.publicis.TestNgClass">
        <test-method status="PASS" signature="testAdd()[pri:0, instance:com.sapient.publicis.TestNgClass@1cd072a9]" name="testAdd" duration-ms="0" started-at="2020-02-26T10:14:36Z" finished-at="2020-02-26T10:14:36Z">
          <reporter-output>
          </reporter-output>
        </test-method> <!-- testAdd -->
      </class> <!-- com.sapient.publicis.TestNgClass -->
    </test> <!-- Command line test -->
  </suite> <!-- com.sapient.publicis.TestNgClass -->
</testng-results>
