<?xml version="1.0" encoding="UTF-8"?>
<testng-results skipped="0" failed="0" total="2" passed="2">
  <reporter-output>
  </reporter-output>
  <suite name="Suite" duration-ms="32716" started-at="2020-02-26T08:28:54Z" finished-at="2020-02-26T08:29:27Z">
    <groups>
    </groups>
    <test name="Test1" duration-ms="24625" started-at="2020-02-26T08:28:54Z" finished-at="2020-02-26T08:29:19Z">
      <class name="com.sapient.publicis.TestNgClass">
        <test-method status="PASS" signature="openBrowser(java.lang.String)[pri:0, instance:com.sapient.publicis.TestNgClass@2096442d]" name="openBrowser" is-config="true" duration-ms="4309" started-at="2020-02-26T13:58:54Z" finished-at="2020-02-26T13:58:59Z">
          <params>
            <param index="0">
              <value>
                <![CDATA[firefox]]>
              </value>
            </param>
          </params>
          <reporter-output>
          </reporter-output>
        </test-method> <!-- openBrowser -->
        <test-method status="PASS" signature="calc()[pri:0, instance:com.sapient.publicis.TestNgClass@2096442d]" name="calc" duration-ms="20316" started-at="2020-02-26T13:58:59Z" finished-at="2020-02-26T13:59:19Z">
          <reporter-output>
          </reporter-output>
        </test-method> <!-- calc -->
      </class> <!-- com.sapient.publicis.TestNgClass -->
    </test> <!-- Test1 -->
    <test name="Test2" duration-ms="8091" started-at="2020-02-26T08:29:19Z" finished-at="2020-02-26T08:29:27Z">
      <class name="com.sapient.publicis.TestNgClass">
        <test-method status="PASS" signature="openBrowser(java.lang.String)[pri:0, instance:com.sapient.publicis.TestNgClass@7ac7a4e4]" name="openBrowser" is-config="true" duration-ms="5244" started-at="2020-02-26T13:59:19Z" finished-at="2020-02-26T13:59:24Z">
          <params>
            <param index="0">
              <value>
                <![CDATA[chrome]]>
              </value>
            </param>
          </params>
          <reporter-output>
          </reporter-output>
        </test-method> <!-- openBrowser -->
        <test-method status="PASS" signature="calc()[pri:0, instance:com.sapient.publicis.TestNgClass@7ac7a4e4]" name="calc" duration-ms="2832" started-at="2020-02-26T13:59:24Z" finished-at="2020-02-26T13:59:27Z">
          <reporter-output>
          </reporter-output>
        </test-method> <!-- calc -->
      </class> <!-- com.sapient.publicis.TestNgClass -->
    </test> <!-- Test2 -->
  </suite> <!-- Suite -->
</testng-results>
